<?xml version="1.0" encoding="UTF-8"?>
<!-- Generated by org.testng.reporters.JUnitXMLReporter -->
<testsuite ignored="0" hostname="DESKTOP-UM2MPT8" failures="0" tests="7" name="POMRoutingTest2" time="10.029" errors="0" timestamp="2023-09-20T12:11:58 IST">
  <testcase classname="TestScenarios.HeaderSectionTest" name="TextHeaderSectionUI" time="0.093"/>
  <testcase classname="TestScenarios.HomePageTest" name="TestHomePageUI" time="0.093"/>
  <testcase classname="TestScenarios.AboutPageTest" name="TestAboutPageUI" time="0.267"/>
  <testcase classname="TestScenarios.HeaderSectionTest" name="TestNavigationClickingNavbarAbout" time="0.167"/>
  <testcase classname="TestScenarios.ContactPageTest" name="TestContactPageUI" time="0.214"/>
  <testcase classname="TestScenarios.HeaderSectionTest" name="TestClickNavbarContact" time="0.141"/>
  <testcase classname="TestScenarios.HeaderSectionTest" name="TestClickNavbarHome" time="0.193"/>
</testsuite> <!-- POMRoutingTest2 -->
