<?xml version="1.0" encoding="UTF-8"?>
<testng-results ignored="0" total="7" passed="7" failed="0" skipped="0">
  <reporter-output>
  </reporter-output>
  <suite started-at="2023-09-20T12:11:48 IST" name="All Test Suite" finished-at="2023-09-20T12:11:58 IST" duration-ms="10029">
    <groups>
    </groups>
    <test started-at="2023-09-20T12:11:48 IST" name="POMRoutingTest2" finished-at="2023-09-20T12:11:58 IST" duration-ms="10029">
      <class name="TestScenarios.ContactPageTest">
        <test-method is-config="true" signature="SetUp()[pri:0, instance:TestScenarios.ContactPageTest@5276e6b0]" started-at="2023-09-20T12:11:54 IST" name="SetUp" finished-at="2023-09-20T12:11:56 IST" duration-ms="1626" status="PASS">
          <reporter-output>
          </reporter-output>
        </test-method> <!-- SetUp -->
        <test-method signature="TestContactPageUI()[pri:7, instance:TestScenarios.ContactPageTest@5276e6b0]" started-at="2023-09-20T12:11:56 IST" name="TestContactPageUI" finished-at="2023-09-20T12:11:56 IST" duration-ms="214" status="PASS">
          <reporter-output>
          </reporter-output>
        </test-method> <!-- TestContactPageUI -->
        <test-method is-config="true" signature="TearDown()[pri:0, instance:TestScenarios.ContactPageTest@5276e6b0]" started-at="2023-09-20T12:11:56 IST" name="TearDown" finished-at="2023-09-20T12:11:57 IST" duration-ms="244" status="PASS">
          <reporter-output>
          </reporter-output>
        </test-method> <!-- TearDown -->
      </class> <!-- TestScenarios.ContactPageTest -->
      <class name="TestScenarios.AboutPageTest">
        <test-method is-config="true" signature="SetUp()[pri:0, instance:TestScenarios.AboutPageTest@16e7dcfd]" started-at="2023-09-20T12:11:52 IST" name="SetUp" finished-at="2023-09-20T12:11:54 IST" duration-ms="1698" status="PASS">
          <reporter-output>
          </reporter-output>
        </test-method> <!-- SetUp -->
        <test-method signature="TestAboutPageUI()[pri:6, instance:TestScenarios.AboutPageTest@16e7dcfd]" started-at="2023-09-20T12:11:54 IST" name="TestAboutPageUI" finished-at="2023-09-20T12:11:54 IST" duration-ms="267" status="PASS">
          <reporter-output>
          </reporter-output>
        </test-method> <!-- TestAboutPageUI -->
        <test-method is-config="true" signature="TearDown()[pri:0, instance:TestScenarios.AboutPageTest@16e7dcfd]" started-at="2023-09-20T12:11:54 IST" name="TearDown" finished-at="2023-09-20T12:11:54 IST" duration-ms="314" status="PASS">
          <reporter-output>
          </reporter-output>
        </test-method> <!-- TearDown -->
      </class> <!-- TestScenarios.AboutPageTest -->
      <class name="TestScenarios.HeaderSectionTest">
        <test-method is-config="true" signature="SetUp()[pri:0, instance:TestScenarios.HeaderSectionTest@71b1176b]" started-at="2023-09-20T12:11:48 IST" name="SetUp" finished-at="2023-09-20T12:11:52 IST" duration-ms="3442" status="PASS">
          <reporter-output>
          </reporter-output>
        </test-method> <!-- SetUp -->
        <test-method signature="TextHeaderSectionUI()[pri:1, instance:TestScenarios.HeaderSectionTest@71b1176b]" started-at="2023-09-20T12:11:52 IST" name="TextHeaderSectionUI" finished-at="2023-09-20T12:11:52 IST" duration-ms="93" status="PASS">
          <reporter-output>
          </reporter-output>
        </test-method> <!-- TextHeaderSectionUI -->
        <test-method is-config="true" signature="TearDown()[pri:0, instance:TestScenarios.HeaderSectionTest@71b1176b]" started-at="2023-09-20T12:11:52 IST" name="TearDown" finished-at="2023-09-20T12:11:52 IST" duration-ms="274" status="PASS">
          <reporter-output>
          </reporter-output>
        </test-method> <!-- TearDown -->
        <test-method is-config="true" signature="SetUp()[pri:0, instance:TestScenarios.HeaderSectionTest@71b1176b]" started-at="2023-09-20T12:11:52 IST" name="SetUp" finished-at="2023-09-20T12:11:54 IST" duration-ms="1876" status="PASS">
          <reporter-output>
          </reporter-output>
        </test-method> <!-- SetUp -->
        <test-method signature="TestNavigationClickingNavbarAbout()[pri:2, instance:TestScenarios.HeaderSectionTest@71b1176b]" started-at="2023-09-20T12:11:54 IST" name="TestNavigationClickingNavbarAbout" finished-at="2023-09-20T12:11:54 IST" duration-ms="167" status="PASS">
          <reporter-output>
          </reporter-output>
        </test-method> <!-- TestNavigationClickingNavbarAbout -->
        <test-method is-config="true" signature="TearDown()[pri:0, instance:TestScenarios.HeaderSectionTest@71b1176b]" started-at="2023-09-20T12:11:54 IST" name="TearDown" finished-at="2023-09-20T12:11:55 IST" duration-ms="250" status="PASS">
          <reporter-output>
          </reporter-output>
        </test-method> <!-- TearDown -->
        <test-method is-config="true" signature="SetUp()[pri:0, instance:TestScenarios.HeaderSectionTest@71b1176b]" started-at="2023-09-20T12:11:55 IST" name="SetUp" finished-at="2023-09-20T12:11:56 IST" duration-ms="1740" status="PASS">
          <reporter-output>
          </reporter-output>
        </test-method> <!-- SetUp -->
        <test-method signature="TestClickNavbarContact()[pri:3, instance:TestScenarios.HeaderSectionTest@71b1176b]" started-at="2023-09-20T12:11:56 IST" name="TestClickNavbarContact" finished-at="2023-09-20T12:11:56 IST" duration-ms="141" status="PASS">
          <reporter-output>
          </reporter-output>
        </test-method> <!-- TestClickNavbarContact -->
        <test-method is-config="true" signature="TearDown()[pri:0, instance:TestScenarios.HeaderSectionTest@71b1176b]" started-at="2023-09-20T12:11:56 IST" name="TearDown" finished-at="2023-09-20T12:11:57 IST" duration-ms="248" status="PASS">
          <reporter-output>
          </reporter-output>
        </test-method> <!-- TearDown -->
        <test-method is-config="true" signature="SetUp()[pri:0, instance:TestScenarios.HeaderSectionTest@71b1176b]" started-at="2023-09-20T12:11:57 IST" name="SetUp" finished-at="2023-09-20T12:11:58 IST" duration-ms="1362" status="PASS">
          <reporter-output>
          </reporter-output>
        </test-method> <!-- SetUp -->
        <test-method signature="TestClickNavbarHome()[pri:4, instance:TestScenarios.HeaderSectionTest@71b1176b]" started-at="2023-09-20T12:11:58 IST" name="TestClickNavbarHome" finished-at="2023-09-20T12:11:58 IST" duration-ms="193" status="PASS">
          <reporter-output>
          </reporter-output>
        </test-method> <!-- TestClickNavbarHome -->
        <test-method is-config="true" signature="TearDown()[pri:0, instance:TestScenarios.HeaderSectionTest@71b1176b]" started-at="2023-09-20T12:11:58 IST" name="TearDown" finished-at="2023-09-20T12:11:58 IST" duration-ms="182" status="PASS">
          <reporter-output>
          </reporter-output>
        </test-method> <!-- TearDown -->
      </class> <!-- TestScenarios.HeaderSectionTest -->
      <class name="TestScenarios.HomePageTest">
        <test-method is-config="true" signature="SetUp()[pri:0, instance:TestScenarios.HomePageTest@6193932a]" started-at="2023-09-20T12:11:48 IST" name="SetUp" finished-at="2023-09-20T12:11:52 IST" duration-ms="3438" status="PASS">
          <reporter-output>
          </reporter-output>
        </test-method> <!-- SetUp -->
        <test-method signature="TestHomePageUI()[pri:5, instance:TestScenarios.HomePageTest@6193932a]" started-at="2023-09-20T12:11:52 IST" name="TestHomePageUI" finished-at="2023-09-20T12:11:52 IST" duration-ms="93" status="PASS">
          <reporter-output>
          </reporter-output>
        </test-method> <!-- TestHomePageUI -->
        <test-method is-config="true" signature="TearDown()[pri:0, instance:TestScenarios.HomePageTest@6193932a]" started-at="2023-09-20T12:11:52 IST" name="TearDown" finished-at="2023-09-20T12:11:52 IST" duration-ms="253" status="PASS">
          <reporter-output>
          </reporter-output>
        </test-method> <!-- TearDown -->
      </class> <!-- TestScenarios.HomePageTest -->
    </test> <!-- POMRoutingTest2 -->
  </suite> <!-- All Test Suite -->
</testng-results>
